<?xml version="1.0" encoding="UTF-8"?>
<!-- Generated by org.testng.reporters.JUnitReportReporter -->
<testsuite hostname="BEAST-OF-ARITRA14" failures="0" tests="7" name="tests.ProductTest" time="13.791" errors="0" timestamp="2025-08-30T11:02:40 IST" skipped="0">
  <testcase classname="tests.ProductTest" name="searchElectronicItem" time="1.821"/>
  <testcase classname="tests.ProductTest" name="searchElectronicItem" time="0.197"/>
  <testcase classname="tests.ProductTest" name="sortResults" time="0.462"/>
  <testcase classname="tests.ProductTest" name="sortResults" time="0.114"/>
  <testcase classname="tests.ProductTest" name="sortResults" time="0.480"/>
  <testcase classname="tests.ProductTest" name="applyFilters" time="9.347"/>
  <testcase classname="tests.ProductTest" name="selectProduct" time="1.370"/>
</testsuite> <!-- tests.ProductTest -->
