<?xml version="1.0" encoding="UTF-8"?>
<!-- Generated by org.testng.reporters.JUnitReportReporter -->
<testsuite hostname="BEAST-OF-ARITRA14" failures="0" tests="4" name="tests.CartTest" time="19.039" errors="0" timestamp="2025-08-30T11:02:40 IST" skipped="0">
  <testcase classname="tests.CartTest" name="addToCart" time="3.100"/>
  <testcase classname="tests.CartTest" name="modifyQuantityAndVerify" time="4.158"/>
  <testcase classname="tests.CartTest" name="removeItemAndConfirm" time="9.355"/>
  <testcase classname="tests.CartTest" name="proceedToBuyAndCheckAddressPaymentPage" time="2.426"/>
</testsuite> <!-- tests.CartTest -->
