<?xml version="1.0" encoding="UTF-8"?>
<!-- Generated by org.testng.reporters.JUnitReportReporter -->
<testsuite hostname="BEAST-OF-ARITRA14" failures="0" tests="3" name="tests.LoginTest" time="26.613" errors="0" timestamp="2025-08-30T11:02:40 IST" skipped="0">
  <testcase classname="tests.LoginTest" name="verifyLoginUIElements" time="1.071"/>
  <testcase classname="tests.LoginTest" name="loginWithValidPhoneAndPassword" time="2.984"/>
  <testcase classname="tests.LoginTest" name="loginWithValidPhoneAndPassword" time="22.558"/>
</testsuite> <!-- tests.LoginTest -->
